2025-10-25 16:16:INFO    AT utils_logger.py:105: Logging to file: /Users/joshuaflood/Repos/smart-store-joshua/project.log
2025-10-25 16:16:INFO    AT demo_module_basics.py:90: Starting demo_python() function.
2025-10-25 16:16:INFO    AT demo_module_basics.py:37: Name Python files with lowercase and underscores.
2025-10-25 16:16:INFO    AT demo_module_basics.py:38: In Python, comments start with a '#' symbol and are not executed.
2025-10-25 16:16:INFO    AT demo_module_basics.py:39: Comments can also be wrapped in triple single quotes or triple backticks.
2025-10-25 16:16:INFO    AT demo_module_basics.py:43: Variables are used to store values.
2025-10-25 16:16:INFO    AT demo_module_basics.py:44: Type hints are optional but recommended for clarity.
2025-10-25 16:16:INFO    AT demo_module_basics.py:45:   example_number = 42
2025-10-25 16:16:INFO    AT demo_module_basics.py:46:   count: int = 42
2025-10-25 16:16:INFO    AT demo_module_basics.py:47:   temp_F: float = 42.2
2025-10-25 16:16:INFO    AT demo_module_basics.py:48:   user_name: str = "Data Analyst"
2025-10-25 16:16:INFO    AT demo_module_basics.py:54: Result: example_number=42, count=42, temp_f=42.2, user_name='Data Analyst'.
2025-10-25 16:16:INFO    AT demo_module_basics.py:58: Functions in Python are blocks of reusable code.
2025-10-25 16:16:INFO    AT demo_module_basics.py:59: You can call a function by using its name followed by parentheses.
2025-10-25 16:16:INFO    AT demo_module_basics.py:60: We use f-strings to combine text and values in Python.
2025-10-25 16:16:INFO    AT demo_module_basics.py:61:   Put the 'f' immediately before the opening quote of the string text.
2025-10-25 16:16:INFO    AT demo_module_basics.py:65: Python has many built-in functions, like min(), max(), and len().
2025-10-25 16:16:INFO    AT demo_module_basics.py:70: For the list of numbers: [1, 2, 3]
2025-10-25 16:16:INFO    AT demo_module_basics.py:71:   The minimum value is min(numbers): 1
2025-10-25 16:16:INFO    AT demo_module_basics.py:72:   The maximum value is max(numbers): 3
2025-10-25 16:16:INFO    AT demo_module_basics.py:73:   The length of the list is len(numbers): 3
2025-10-25 16:16:INFO    AT demo_module_basics.py:78: In Python, indentation matters = True!
2025-10-25 16:16:INFO    AT demo_module_basics.py:79: In Python, spelling matters = True!
2025-10-25 16:16:INFO    AT demo_module_basics.py:80: In Python, uppercase/lowercase matters = True!
2025-10-25 16:16:INFO    AT demo_module_basics.py:96: Experiment with this demo script to learn the basics quickly.
2025-10-25 16:16:INFO    AT demo_module_basics.py:97: Exiting demo_python() function.
2025-10-25 16:16:INFO    AT demo_module_stats.py:98: 
STATS SUMMARY
Scores (n=7): [3.5, 4.0, 4.8, 2.9, 3.7, 4.3, 3.8]
metric                 value
----------------------------
min                     2.90
max                     4.80
mean                    3.86
stdev                   0.60

2025-10-25 16:16:INFO    AT demo_module_languages.py:45: 
Greetings Professional Analyst:
English: Hello! Welcome to Python programming.
Spanish: Hola! Bienvenido a la programación en Python.
Mandarin: 你好! 欢迎学习Python编程.
French:  Bonjour! Bienvenue à la programmation Python.
German:  Hallo! Willkommen bei der Python-Programmierung.
Telugu:  హలో! Python ప్రోగ్రామింగ్‌లోకి స్వాగతం.
Norwegian: Hei! Velkommen til Python-programmering.
2025-10-25 16:16:INFO    AT utils_logger.py:116: This is an example info message.
2025-10-25 16:16:WARNING AT utils_logger.py:117: This is an example warning message.
2025-10-25 16:16:ERROR   AT utils_logger.py:118: This is an example error message.
2025-10-25 16:16:INFO    AT utils_logger.py:116: This is an example info message.
2025-10-25 16:16:WARNING AT utils_logger.py:117: This is an example warning message.
2025-10-25 16:16:ERROR   AT utils_logger.py:118: This is an example error message.
2025-10-25 16:16:INFO    AT utils_logger.py:125: View the log output at /Users/joshuaflood/Repos/smart-store-joshua/project.log
2025-10-25 16:16:INFO    AT test_utils_logger.py:65: Smoke test message
2025-10-25 16:21:INFO    AT utils_logger.py:105: Logging to file: /Users/joshuaflood/Repos/smart-store-joshua/project.log
2025-10-25 16:21:INFO    AT demo_module_basics.py:90: Starting demo_python() function.
2025-10-25 16:21:INFO    AT demo_module_basics.py:37: Name Python files with lowercase and underscores.
2025-10-25 16:21:INFO    AT demo_module_basics.py:38: In Python, comments start with a '#' symbol and are not executed.
2025-10-25 16:21:INFO    AT demo_module_basics.py:39: Comments can also be wrapped in triple single quotes or triple backticks.
2025-10-25 16:21:INFO    AT demo_module_basics.py:43: Variables are used to store values.
2025-10-25 16:21:INFO    AT demo_module_basics.py:44: Type hints are optional but recommended for clarity.
2025-10-25 16:21:INFO    AT demo_module_basics.py:45:   example_number = 42
2025-10-25 16:21:INFO    AT demo_module_basics.py:46:   count: int = 42
2025-10-25 16:21:INFO    AT demo_module_basics.py:47:   temp_F: float = 42.2
2025-10-25 16:21:INFO    AT demo_module_basics.py:48:   user_name: str = "Data Analyst"
2025-10-25 16:21:INFO    AT demo_module_basics.py:54: Result: example_number=42, count=42, temp_f=42.2, user_name='Data Analyst'.
2025-10-25 16:21:INFO    AT demo_module_basics.py:58: Functions in Python are blocks of reusable code.
2025-10-25 16:21:INFO    AT demo_module_basics.py:59: You can call a function by using its name followed by parentheses.
2025-10-25 16:21:INFO    AT demo_module_basics.py:60: We use f-strings to combine text and values in Python.
2025-10-25 16:21:INFO    AT demo_module_basics.py:61:   Put the 'f' immediately before the opening quote of the string text.
2025-10-25 16:21:INFO    AT demo_module_basics.py:65: Python has many built-in functions, like min(), max(), and len().
2025-10-25 16:21:INFO    AT demo_module_basics.py:70: For the list of numbers: [1, 2, 3]
2025-10-25 16:21:INFO    AT demo_module_basics.py:71:   The minimum value is min(numbers): 1
2025-10-25 16:21:INFO    AT demo_module_basics.py:72:   The maximum value is max(numbers): 3
2025-10-25 16:21:INFO    AT demo_module_basics.py:73:   The length of the list is len(numbers): 3
2025-10-25 16:21:INFO    AT demo_module_basics.py:78: In Python, indentation matters = True!
2025-10-25 16:21:INFO    AT demo_module_basics.py:79: In Python, spelling matters = True!
2025-10-25 16:21:INFO    AT demo_module_basics.py:80: In Python, uppercase/lowercase matters = True!
2025-10-25 16:21:INFO    AT demo_module_basics.py:96: Experiment with this demo script to learn the basics quickly.
2025-10-25 16:21:INFO    AT demo_module_basics.py:97: Exiting demo_python() function.
2025-10-30 19:28:INFO    AT utils_logger.py:105: Logging to file: /Users/joshuaflood/Repos/smart-store-joshua/project.log
2025-10-30 19:28:INFO    AT data_prep.py:52: Starting data preparation...
2025-10-30 19:28:INFO    AT data_prep.py:32: Reading raw data from /Users/joshuaflood/Repos/smart-store-joshua/data/raw/customers_data.csv.
2025-10-30 19:28:INFO    AT data_prep.py:35: customers_data.csv: loaded DataFrame with shape 201 rows x 4 cols
2025-10-30 19:28:INFO    AT data_prep.py:32: Reading raw data from /Users/joshuaflood/Repos/smart-store-joshua/data/raw/products_data.csv.
2025-10-30 19:28:INFO    AT data_prep.py:35: products_data.csv: loaded DataFrame with shape 100 rows x 4 cols
2025-10-30 19:28:INFO    AT data_prep.py:32: Reading raw data from /Users/joshuaflood/Repos/smart-store-joshua/data/raw/sales_data.csv.
2025-10-30 19:28:INFO    AT data_prep.py:35: sales_data.csv: loaded DataFrame with shape 2001 rows x 7 cols
2025-10-30 19:28:INFO    AT data_prep.py:64: Data preparation complete.
2025-10-30 19:54:INFO    AT utils_logger.py:105: Logging to file: /Users/joshuaflood/Repos/smart-store-joshua/project.log
2025-10-30 19:54:INFO    AT demo_module_basics.py:90: Starting demo_python() function.
2025-10-30 19:54:INFO    AT demo_module_basics.py:37: Name Python files with lowercase and underscores.
2025-10-30 19:54:INFO    AT demo_module_basics.py:38: In Python, comments start with a '#' symbol and are not executed.
2025-10-30 19:54:INFO    AT demo_module_basics.py:39: Comments can also be wrapped in triple single quotes or triple backticks.
2025-10-30 19:54:INFO    AT demo_module_basics.py:43: Variables are used to store values.
2025-10-30 19:54:INFO    AT demo_module_basics.py:44: Type hints are optional but recommended for clarity.
2025-10-30 19:54:INFO    AT demo_module_basics.py:45:   example_number = 42
2025-10-30 19:54:INFO    AT demo_module_basics.py:46:   count: int = 42
2025-10-30 19:54:INFO    AT demo_module_basics.py:47:   temp_F: float = 42.2
2025-10-30 19:54:INFO    AT demo_module_basics.py:48:   user_name: str = "Data Analyst"
2025-10-30 19:54:INFO    AT demo_module_basics.py:54: Result: example_number=42, count=42, temp_f=42.2, user_name='Data Analyst'.
2025-10-30 19:54:INFO    AT demo_module_basics.py:58: Functions in Python are blocks of reusable code.
2025-10-30 19:54:INFO    AT demo_module_basics.py:59: You can call a function by using its name followed by parentheses.
2025-10-30 19:54:INFO    AT demo_module_basics.py:60: We use f-strings to combine text and values in Python.
2025-10-30 19:54:INFO    AT demo_module_basics.py:61:   Put the 'f' immediately before the opening quote of the string text.
2025-10-30 19:54:INFO    AT demo_module_basics.py:65: Python has many built-in functions, like min(), max(), and len().
2025-10-30 19:54:INFO    AT demo_module_basics.py:70: For the list of numbers: [1, 2, 3]
2025-10-30 19:54:INFO    AT demo_module_basics.py:71:   The minimum value is min(numbers): 1
2025-10-30 19:54:INFO    AT demo_module_basics.py:72:   The maximum value is max(numbers): 3
2025-10-30 19:54:INFO    AT demo_module_basics.py:73:   The length of the list is len(numbers): 3
2025-10-30 19:54:INFO    AT demo_module_basics.py:78: In Python, indentation matters = True!
2025-10-30 19:54:INFO    AT demo_module_basics.py:79: In Python, spelling matters = True!
2025-10-30 19:54:INFO    AT demo_module_basics.py:80: In Python, uppercase/lowercase matters = True!
2025-10-30 19:54:INFO    AT demo_module_basics.py:96: Experiment with this demo script to learn the basics quickly.
2025-10-30 19:54:INFO    AT demo_module_basics.py:97: Exiting demo_python() function.
2025-10-30 19:54:INFO    AT utils_logger.py:105: Logging to file: /Users/joshuaflood/Repos/smart-store-joshua/project.log
2025-10-30 19:54:INFO    AT demo_module_languages.py:45: 
Greetings Professional Analyst:
English: Hello! Welcome to Python programming.
Spanish: Hola! Bienvenido a la programación en Python.
Mandarin: 你好! 欢迎学习Python编程.
French:  Bonjour! Bienvenue à la programmation Python.
German:  Hallo! Willkommen bei der Python-Programmierung.
Telugu:  హలో! Python ప్రోగ్రామింగ్‌లోకి స్వాగతం.
Norwegian: Hei! Velkommen til Python-programmering.
2025-10-30 19:54:INFO    AT utils_logger.py:105: Logging to file: /Users/joshuaflood/Repos/smart-store-joshua/project.log
2025-10-30 19:54:INFO    AT demo_module_stats.py:98: 
STATS SUMMARY
Scores (n=7): [3.5, 4.0, 4.8, 2.9, 3.7, 4.3, 3.8]
metric                 value
----------------------------
min                     2.90
max                     4.80
mean                    3.86
stdev                   0.60

2025-10-30 19:55:INFO    AT utils_logger.py:105: Logging to file: /Users/joshuaflood/Repos/smart-store-joshua/project.log
2025-10-30 19:55:INFO    AT demo_module_viz.py:44: Loaded Penguins dataset successfully.
2025-10-30 19:55:INFO    AT demo_module_viz.py:52: Displaying chart... Close the window to exit.
2025-10-30 19:55:INFO    AT demo_module_viz.py:54: Chart closed successfully.
2025-10-30 19:57:INFO    AT utils_logger.py:105: Logging to file: /Users/joshuaflood/Repos/smart-store-joshua/project.log
2025-10-30 19:57:INFO    AT demo_module_basics.py:90: Starting demo_python() function.
2025-10-30 19:57:INFO    AT demo_module_basics.py:37: Name Python files with lowercase and underscores.
2025-10-30 19:57:INFO    AT demo_module_basics.py:38: In Python, comments start with a '#' symbol and are not executed.
2025-10-30 19:57:INFO    AT demo_module_basics.py:39: Comments can also be wrapped in triple single quotes or triple backticks.
2025-10-30 19:57:INFO    AT demo_module_basics.py:43: Variables are used to store values.
2025-10-30 19:57:INFO    AT demo_module_basics.py:44: Type hints are optional but recommended for clarity.
2025-10-30 19:57:INFO    AT demo_module_basics.py:45:   example_number = 42
2025-10-30 19:57:INFO    AT demo_module_basics.py:46:   count: int = 42
2025-10-30 19:57:INFO    AT demo_module_basics.py:47:   temp_F: float = 42.2
2025-10-30 19:57:INFO    AT demo_module_basics.py:48:   user_name: str = "Data Analyst"
2025-10-30 19:57:INFO    AT demo_module_basics.py:54: Result: example_number=42, count=42, temp_f=42.2, user_name='Data Analyst'.
2025-10-30 19:57:INFO    AT demo_module_basics.py:58: Functions in Python are blocks of reusable code.
2025-10-30 19:57:INFO    AT demo_module_basics.py:59: You can call a function by using its name followed by parentheses.
2025-10-30 19:57:INFO    AT demo_module_basics.py:60: We use f-strings to combine text and values in Python.
2025-10-30 19:57:INFO    AT demo_module_basics.py:61:   Put the 'f' immediately before the opening quote of the string text.
2025-10-30 19:57:INFO    AT demo_module_basics.py:65: Python has many built-in functions, like min(), max(), and len().
2025-10-30 19:57:INFO    AT demo_module_basics.py:70: For the list of numbers: [1, 2, 3]
2025-10-30 19:57:INFO    AT demo_module_basics.py:71:   The minimum value is min(numbers): 1
2025-10-30 19:57:INFO    AT demo_module_basics.py:72:   The maximum value is max(numbers): 3
2025-10-30 19:57:INFO    AT demo_module_basics.py:73:   The length of the list is len(numbers): 3
2025-10-30 19:57:INFO    AT demo_module_basics.py:78: In Python, indentation matters = True!
2025-10-30 19:57:INFO    AT demo_module_basics.py:79: In Python, spelling matters = True!
2025-10-30 19:57:INFO    AT demo_module_basics.py:80: In Python, uppercase/lowercase matters = True!
2025-10-30 19:57:INFO    AT demo_module_basics.py:96: Experiment with this demo script to learn the basics quickly.
2025-10-30 19:57:INFO    AT demo_module_basics.py:97: Exiting demo_python() function.
2025-10-30 19:57:INFO    AT demo_module_stats.py:98: 
STATS SUMMARY
Scores (n=7): [3.5, 4.0, 4.8, 2.9, 3.7, 4.3, 3.8]
metric                 value
----------------------------
min                     2.90
max                     4.80
mean                    3.86
stdev                   0.60

2025-10-30 19:57:INFO    AT demo_module_languages.py:45: 
Greetings Professional Analyst:
English: Hello! Welcome to Python programming.
Spanish: Hola! Bienvenido a la programación en Python.
Mandarin: 你好! 欢迎学习Python编程.
French:  Bonjour! Bienvenue à la programmation Python.
German:  Hallo! Willkommen bei der Python-Programmierung.
Telugu:  హలో! Python ప్రోగ్రామింగ్‌లోకి స్వాగతం.
Norwegian: Hei! Velkommen til Python-programmering.
2025-10-30 19:57:INFO    AT utils_logger.py:116: This is an example info message.
2025-10-30 19:57:WARNING AT utils_logger.py:117: This is an example warning message.
2025-10-30 19:57:ERROR   AT utils_logger.py:118: This is an example error message.
2025-10-30 19:57:INFO    AT utils_logger.py:116: This is an example info message.
2025-10-30 19:57:WARNING AT utils_logger.py:117: This is an example warning message.
2025-10-30 19:57:ERROR   AT utils_logger.py:118: This is an example error message.
2025-10-30 19:57:INFO    AT utils_logger.py:125: View the log output at /Users/joshuaflood/Repos/smart-store-joshua/project.log
2025-10-30 19:57:INFO    AT test_utils_logger.py:65: Smoke test message
2025-11-07 20:55:52,879 [INFO] Cleaned customers data saved to: /Users/joshuaflood/Repos/smart-store-joshua/data/processed/customers_data_cleaned.csv
2025-11-07 20:59:46,978 [INFO] Cleaned sales data saved to: /Users/joshuaflood/Repos/smart-store-joshua/data/processed/sales_data_cleaned.csv
2025-11-07 21:33:19,714 [INFO] Cleaned products data saved to: /Users/joshuaflood/Repos/smart-store-joshua/data/processed/products_data_cleaned.csv
2025-11-07 21:35:27,330 [INFO] Cleaned customers data saved to: /Users/joshuaflood/Repos/smart-store-joshua/data/processed/customers_data_cleaned.csv
2025-11-07 21:36:02,007 [INFO] Cleaned sales data saved to: /Users/joshuaflood/Repos/smart-store-joshua/data/processed/sales_data_cleaned.csv
2025-11-07 21:37:00,561 [INFO] Cleaned sales data saved to: /Users/joshuaflood/Repos/smart-store-joshua/data/processed/sales_data_cleaned.csv
2025-11-07 21:37:32,533 [INFO] Cleaned products data saved to: /Users/joshuaflood/Repos/smart-store-joshua/data/processed/products_data_cleaned.csv
2025-11-07 21:38:09,509 [INFO] Cleaned customers data saved to: /Users/joshuaflood/Repos/smart-store-joshua/data/processed/customers_data_cleaned.csv
2025-11-07 21:40:05,922 [INFO] Cleaned customers data saved to: /Users/joshuaflood/Repos/smart-store-joshua/data/processed/customers_data_cleaned.csv
2025-11-07 21:40:21,391 [INFO] Cleaned customers data saved to: /Users/joshuaflood/Repos/smart-store-joshua/data/processed/customers_data_cleaned.csv
2025-11-07 21:40:50,077 [INFO] Cleaned customers data saved to: /Users/joshuaflood/Repos/smart-store-joshua/data/processed/customers_data_cleaned.csv
2025-11-07 21:43:28,219 [INFO] Cleaned customers data saved to: /Users/joshuaflood/Repos/smart-store-joshua/data/processed/customers_data_cleaned.csv
2025-11-07 21:45:41,227 [INFO] Cleaned products data saved to: /Users/joshuaflood/Repos/smart-store-joshua/data/processed/products_data_cleaned.csv
2025-11-07 21:48:02,722 [INFO] Cleaned customers data saved to: /Users/joshuaflood/Repos/smart-store-joshua/data/processed/customers_data_cleaned.csv
2025-11-07 21:49:05,484 [INFO] Cleaned products data saved to: /Users/joshuaflood/Repos/smart-store-joshua/data/processed/products_data_cleaned.csv
